<?xml version="1.0" encoding="UTF-8"?>
<!-- Generated by org.testng.reporters.JUnitXMLReporter -->
<testsuite ignored="2" hostname="1R-57" failures="0" tests="7" name="Negative-Test-Web Parking" time="94.314" errors="0" timestamp="24 Apr 2024 13:28:04 GMT">
  <testcase classname="tests.webpark.com.practice.expandtesting.WebParkPageTest" name="paymentDetailsNegativeTesting" time="10.621"/>
  <testcase classname="tests.webpark.com.practice.expandtesting.WebParkPageTest" name="paymentDetailsNegativeTesting" time="10.426"/>
  <testcase classname="tests.webpark.com.practice.expandtesting.WebParkPageTest" name="paymentDetailsNegativeTesting" time="10.908"/>
  <testcase classname="tests.webpark.com.practice.expandtesting.WebParkPageTest" name="paymentDetailsNegativeTesting" time="10.025"/>
  <testcase classname="tests.webpark.com.practice.expandtesting.WebParkPageTest" name="paymentDetailsNegativeTesting" time="10.423"/>
  <testcase classname="tests.webpark.com.practice.expandtesting.WebParkPageTest" name="paymentDetailsNegativeTesting" time="9.849"/>
  <testcase classname="tests.webpark.com.practice.expandtesting.WebParkPageTest" name="paymentDetailsNegativeTesting" time="10.368"/>
  <testcase classname="tests.webpark.com.practice.expandtesting.WebParkPageTest" name="bookingDetailsNegativeTesting" time="0.0">
    <ignored/>
  </testcase> <!-- bookingDetailsNegativeTesting -->
  <testcase classname="tests.webpark.com.practice.expandtesting.WebParkPageTest" name="webParkingTesting" time="0.0">
    <ignored/>
  </testcase> <!-- webParkingTesting -->
</testsuite> <!-- Negative-Test-Web Parking -->
