<?xml version="1.0" encoding="UTF-8"?>
<!-- Generated by org.testng.reporters.JUnitXMLReporter -->
<testsuite ignored="2" hostname="1R-57" failures="0" tests="1" name="Positive-Test-Web Parking" time="27.022" errors="0" timestamp="24 Apr 2024 10:32:10 GMT">
  <testcase classname="tests.webpark.com.practice.expandtesting.WebParkPageTest" name="webParkingTesting" time="18.426"/>
  <testcase classname="tests.webpark.com.practice.expandtesting.WebParkPageTest" name="bookingDetailsNegativeTesting" time="0.0">
    <ignored/>
  </testcase> <!-- bookingDetailsNegativeTesting -->
  <testcase classname="tests.webpark.com.practice.expandtesting.WebParkPageTest" name="paymentDetailsNegativeTesting" time="0.0">
    <ignored/>
  </testcase> <!-- paymentDetailsNegativeTesting -->
</testsuite> <!-- Positive-Test-Web Parking -->
